  GameState.cpp
C:\Users\Lenovo\Dan\Dan\GAME\GAME\GameState.cpp(119,85): warning C4244: 'argument': conversion from 'T' to 'const float', possible loss of data
          with
          [
              T=unsigned int
          ]
C:\Users\Lenovo\Dan\Dan\GAME\GAME\GameState.cpp(119,54): warning C4244: 'argument': conversion from 'T' to 'const float', possible loss of data
          with
          [
              T=unsigned int
          ]
C:\Users\Lenovo\Dan\Dan\GAME\GAME\GameState.cpp(274,143): warning C4244: 'argument': conversion from 'int' to 'float', possible loss of data
C:\Users\Lenovo\Dan\Dan\GAME\GAME\GameState.cpp(274,135): warning C4244: 'argument': conversion from 'int' to 'float', possible loss of data
C:\Users\Lenovo\Dan\Dan\GAME\GAME\GameState.cpp(280,44): warning C4244: 'argument': conversion from 'int' to 'float', possible loss of data
C:\Users\Lenovo\Dan\Dan\GAME\GAME\GameState.cpp(280,37): warning C4244: 'argument': conversion from 'int' to 'float', possible loss of data
C:\Users\Lenovo\Dan\Dan\GAME\GAME\GameState.cpp(350,143): warning C4244: 'argument': conversion from 'int' to 'float', possible loss of data
C:\Users\Lenovo\Dan\Dan\GAME\GAME\GameState.cpp(350,135): warning C4244: 'argument': conversion from 'int' to 'float', possible loss of data
C:\Users\Lenovo\Dan\Dan\GAME\GAME\GameState.cpp(356,41): warning C4244: 'argument': conversion from 'int' to 'float', possible loss of data
C:\Users\Lenovo\Dan\Dan\GAME\GAME\GameState.cpp(356,34): warning C4244: 'argument': conversion from 'int' to 'float', possible loss of data
  GAME.vcxproj -> C:\Users\Lenovo\Dan\Dan\GAME\x64\Debug\GAME.exe
